<?xml version="1.0" encoding="UTF-8"?>
<!-- Generated by org.testng.reporters.JUnitReportReporter -->
<testsuite skipped="0" hostname="DESKTOP-EKUOLJ2" name="com.revature.controllertests.SearchControllerTest" tests="2" failures="0" timestamp="17 Sep 2019 13:42:03 GMT" time="0.014" errors="0">
  <testcase name="givenValidSearchGetContent" time="0.005" classname="com.revature.controllertests.SearchControllerTest"/>
  <testcase name="givenInvalidSearchGetNoContent" time="0.009" classname="com.revature.controllertests.SearchControllerTest"/>
</testsuite> <!-- com.revature.controllertests.SearchControllerTest -->
