<?xml version="1.0" encoding="UTF-8"?>
<!-- Generated by org.testng.reporters.JUnitReportReporter -->
<testsuite skipped="0" hostname="DESKTOP-EKUOLJ2" name="com.revature.servicestests.SearchServiceTest" tests="5" failures="0" timestamp="17 Sep 2019 13:42:03 GMT" time="0.007" errors="0">
  <testcase name="filterContentByTitleTest" time="0.001" classname="com.revature.servicestests.SearchServiceTest"/>
  <testcase name="getContentByModuleIdTest" time="0.001" classname="com.revature.servicestests.SearchServiceTest"/>
  <testcase name="filterTest" time="0.001" classname="com.revature.servicestests.SearchServiceTest"/>
  <testcase name="filterContentByFormatTest" time="0.001" classname="com.revature.servicestests.SearchServiceTest"/>
  <testcase name="filterContentBySubjectsTest" time="0.003" classname="com.revature.servicestests.SearchServiceTest"/>
</testsuite> <!-- com.revature.servicestests.SearchServiceTest -->
