<?xml version="1.0" encoding="UTF-8"?>
<!-- Generated by org.testng.reporters.JUnitReportReporter -->
<testsuite skipped="0" hostname="DESKTOP-EKUOLJ2" name="com.revature.utiltests.MetricsDataTest" tests="16" failures="0" timestamp="17 Sep 2019 13:42:03 GMT" time="0.032" errors="0">
  <testcase name="testSetPptCount" time="0.000" classname="com.revature.utiltests.MetricsDataTest"/>
  <testcase name="testEqualsObject" time="0.030" classname="com.revature.utiltests.MetricsDataTest"/>
  <testcase name="testGetNumDiffModsCount" time="0.000" classname="com.revature.utiltests.MetricsDataTest"/>
  <testcase name="testGetAvgResources" time="0.000" classname="com.revature.utiltests.MetricsDataTest"/>
  <testcase name="testGetCodeCount" time="0.000" classname="com.revature.utiltests.MetricsDataTest"/>
  <testcase name="testToString" time="0.000" classname="com.revature.utiltests.MetricsDataTest"/>
  <testcase name="testGetDocumentCount" time="0.000" classname="com.revature.utiltests.MetricsDataTest"/>
  <testcase name="testSetCodeCount" time="0.001" classname="com.revature.utiltests.MetricsDataTest"/>
  <testcase name="testGetTimeGraphData" time="0.000" classname="com.revature.utiltests.MetricsDataTest"/>
  <testcase name="testMetricsDataIntIntIntIntDoubleTimeGraphData" time="0.000" classname="com.revature.utiltests.MetricsDataTest"/>
  <testcase name="testMetricsData" time="0.000" classname="com.revature.utiltests.MetricsDataTest"/>
  <testcase name="testSetNumDiffModsCount" time="0.000" classname="com.revature.utiltests.MetricsDataTest"/>
  <testcase name="testSetAvgResources" time="0.000" classname="com.revature.utiltests.MetricsDataTest"/>
  <testcase name="testSetTimeGraphData" time="0.000" classname="com.revature.utiltests.MetricsDataTest"/>
  <testcase name="testGetPptCount" time="0.000" classname="com.revature.utiltests.MetricsDataTest"/>
  <testcase name="testSetDocumentCount" time="0.001" classname="com.revature.utiltests.MetricsDataTest"/>
</testsuite> <!-- com.revature.utiltests.MetricsDataTest -->
