<?xml version="1.0" encoding="UTF-8"?>
<!-- Generated by org.testng.reporters.JUnitReportReporter -->
<testsuite skipped="0" hostname="DESKTOP-EKUOLJ2" name="com.revature.servicestests.ContentServiceTest" tests="6" failures="0" timestamp="17 Sep 2019 13:42:03 GMT" time="0.006" errors="0">
  <testcase name="testCreateContent" time="0.001" classname="com.revature.servicestests.ContentServiceTest"/>
  <testcase name="testGetContentById" time="0.001" classname="com.revature.servicestests.ContentServiceTest"/>
  <testcase name="testGetContentByFormatWithStrings" time="0.001" classname="com.revature.servicestests.ContentServiceTest"/>
  <testcase name="testGetAllContent" time="0.001" classname="com.revature.servicestests.ContentServiceTest"/>
  <testcase name="testUpdateContent" time="0.001" classname="com.revature.servicestests.ContentServiceTest"/>
  <testcase name="testGetContentByFormatWithContents" time="0.001" classname="com.revature.servicestests.ContentServiceTest"/>
</testsuite> <!-- com.revature.servicestests.ContentServiceTest -->
