<?xml version="1.0" encoding="UTF-8"?>
<!-- Generated by org.testng.reporters.JUnitReportReporter -->
<testsuite skipped="0" hostname="DESKTOP-EKUOLJ2" name="com.revature.loggingtest.LoggingTest" tests="1" failures="0" timestamp="17 Sep 2019 13:42:03 GMT" time="0.002" errors="0">
  <testcase name="testOne" time="0.002" classname="com.revature.loggingtest.LoggingTest"/>
</testsuite> <!-- com.revature.loggingtest.LoggingTest -->
