<?xml version="1.0" encoding="UTF-8"?>
<!-- Generated by org.testng.reporters.JUnitReportReporter -->
<testsuite skipped="0" hostname="DESKTOP-EKUOLJ2" name="com.revature.servicestests.TimeGraphServiceTest" tests="2" failures="0" timestamp="17 Sep 2019 13:42:03 GMT" time="0.002" errors="0">
  <testcase name="timeScaleInMarginOneVal" time="0.001" classname="com.revature.servicestests.TimeGraphServiceTest"/>
  <testcase name="testGetTimeGraphData" time="0.001" classname="com.revature.servicestests.TimeGraphServiceTest"/>
</testsuite> <!-- com.revature.servicestests.TimeGraphServiceTest -->
