<?xml version="1.0" encoding="UTF-8"?>
<!-- Generated by org.testng.reporters.JUnitReportReporter -->
<testsuite skipped="0" hostname="DESKTOP-EKUOLJ2" name="com.revature.entitiestests.ContentTest" tests="20" failures="0" timestamp="17 Sep 2019 13:42:03 GMT" time="0.412" errors="0">
  <testcase name="testSetLinks" time="0.000" classname="com.revature.entitiestests.ContentTest"/>
  <testcase name="testSetDescription" time="0.001" classname="com.revature.entitiestests.ContentTest"/>
  <testcase name="testGetDateCreated" time="0.001" classname="com.revature.entitiestests.ContentTest"/>
  <testcase name="testGetLinks" time="0.000" classname="com.revature.entitiestests.ContentTest"/>
  <testcase name="testGetUrl" time="0.000" classname="com.revature.entitiestests.ContentTest"/>
  <testcase name="testSetLastModified" time="0.000" classname="com.revature.entitiestests.ContentTest"/>
  <testcase name="testSetId" time="0.001" classname="com.revature.entitiestests.ContentTest"/>
  <testcase name="testSetUrl" time="0.000" classname="com.revature.entitiestests.ContentTest"/>
  <testcase name="testGetId" time="0.002" classname="com.revature.entitiestests.ContentTest"/>
  <testcase name="testEqualsObject" time="0.400" classname="com.revature.entitiestests.ContentTest"/>
  <testcase name="testGetFormat" time="0.000" classname="com.revature.entitiestests.ContentTest"/>
  <testcase name="testSetTitle" time="0.000" classname="com.revature.entitiestests.ContentTest"/>
  <testcase name="testSetFormat" time="0.000" classname="com.revature.entitiestests.ContentTest"/>
  <testcase name="testGetTitle" time="0.000" classname="com.revature.entitiestests.ContentTest"/>
  <testcase name="testContent" time="0.005" classname="com.revature.entitiestests.ContentTest"/>
  <testcase name="testToString" time="0.001" classname="com.revature.entitiestests.ContentTest"/>
  <testcase name="testGetDescription" time="0.000" classname="com.revature.entitiestests.ContentTest"/>
  <testcase name="testContentIntStringStringStringStringSetOfLinkLongLong" time="0.001" classname="com.revature.entitiestests.ContentTest"/>
  <testcase name="testGetLastModified" time="0.000" classname="com.revature.entitiestests.ContentTest"/>
  <testcase name="testSetDateCreated" time="0.000" classname="com.revature.entitiestests.ContentTest"/>
</testsuite> <!-- com.revature.entitiestests.ContentTest -->
