<?xml version="1.0" encoding="UTF-8"?>
<!-- Generated by org.testng.reporters.JUnitReportReporter -->
<testsuite skipped="0" hostname="DESKTOP-EKUOLJ2" name="com.revature.entitiestests.LinkTest" tests="10" failures="0" timestamp="17 Sep 2019 13:42:03 GMT" time="0.037" errors="0">
  <testcase name="testGetModuleId" time="0.000" classname="com.revature.entitiestests.LinkTest"/>
  <testcase name="testLinkIntIntIntString" time="0.000" classname="com.revature.entitiestests.LinkTest"/>
  <testcase name="testSetContentId" time="0.000" classname="com.revature.entitiestests.LinkTest"/>
  <testcase name="testGetContentId" time="0.001" classname="com.revature.entitiestests.LinkTest"/>
  <testcase name="testEqualsObject" time="0.034" classname="com.revature.entitiestests.LinkTest"/>
  <testcase name="testSetModuleId" time="0.000" classname="com.revature.entitiestests.LinkTest"/>
  <testcase name="testToString" time="0.000" classname="com.revature.entitiestests.LinkTest"/>
  <testcase name="testSetId" time="0.001" classname="com.revature.entitiestests.LinkTest"/>
  <testcase name="testLink" time="0.001" classname="com.revature.entitiestests.LinkTest"/>
  <testcase name="testGetId" time="0.000" classname="com.revature.entitiestests.LinkTest"/>
</testsuite> <!-- com.revature.entitiestests.LinkTest -->
