<?xml version="1.0" encoding="UTF-8"?>
<!-- Generated by org.testng.reporters.JUnitReportReporter -->
<testsuite skipped="0" hostname="DESKTOP-EKUOLJ2" name="com.revature.utiltests.ContentWrapperTest" tests="7" failures="0" timestamp="17 Sep 2019 13:42:03 GMT" time="0.001" errors="0">
  <testcase name="testSetContent" time="0.000" classname="com.revature.utiltests.ContentWrapperTest"/>
  <testcase name="testGetLinks" time="0.001" classname="com.revature.utiltests.ContentWrapperTest"/>
  <testcase name="testGetContent" time="0.000" classname="com.revature.utiltests.ContentWrapperTest"/>
  <testcase name="testToString" time="0.000" classname="com.revature.utiltests.ContentWrapperTest"/>
  <testcase name="testSetLinks" time="0.000" classname="com.revature.utiltests.ContentWrapperTest"/>
  <testcase name="testContentWrapper" time="0.000" classname="com.revature.utiltests.ContentWrapperTest"/>
  <testcase name="testContentWrapperContentLinkArray" time="0.000" classname="com.revature.utiltests.ContentWrapperTest"/>
</testsuite> <!-- com.revature.utiltests.ContentWrapperTest -->
