<?xml version="1.0" encoding="UTF-8"?>
<!-- Generated by org.testng.reporters.JUnitReportReporter -->
<testsuite skipped="0" hostname="DESKTOP-EKUOLJ2" name="com.revature.entitiestests.ModuleTest" tests="12" failures="0" timestamp="17 Sep 2019 13:42:03 GMT" time="0.094" errors="0">
  <testcase name="testModule" time="0.000" classname="com.revature.entitiestests.ModuleTest"/>
  <testcase name="testSetSubject" time="0.000" classname="com.revature.entitiestests.ModuleTest"/>
  <testcase name="testSetLinks" time="0.000" classname="com.revature.entitiestests.ModuleTest"/>
  <testcase name="testGetCreated" time="0.000" classname="com.revature.entitiestests.ModuleTest"/>
  <testcase name="testEqualsObject" time="0.091" classname="com.revature.entitiestests.ModuleTest"/>
  <testcase name="testModuleIntStringIntSetOfLink" time="0.001" classname="com.revature.entitiestests.ModuleTest"/>
  <testcase name="testGetId" time="0.000" classname="com.revature.entitiestests.ModuleTest"/>
  <testcase name="testSetId" time="0.001" classname="com.revature.entitiestests.ModuleTest"/>
  <testcase name="testGetSubject" time="0.000" classname="com.revature.entitiestests.ModuleTest"/>
  <testcase name="testSetCreated" time="0.000" classname="com.revature.entitiestests.ModuleTest"/>
  <testcase name="testToString" time="0.000" classname="com.revature.entitiestests.ModuleTest"/>
  <testcase name="testGetLinks" time="0.001" classname="com.revature.entitiestests.ModuleTest"/>
</testsuite> <!-- com.revature.entitiestests.ModuleTest -->
