<?xml version="1.0" encoding="UTF-8"?>
<!-- Generated by org.testng.reporters.JUnitReportReporter -->
<testsuite skipped="0" hostname="DESKTOP-EKUOLJ2" name="com.revature.servicestests.ModuleServiceTest" tests="6" failures="0" timestamp="17 Sep 2019 13:42:03 GMT" time="0.006" errors="0">
  <testcase name="testGetModuleById" time="0.002" classname="com.revature.servicestests.ModuleServiceTest"/>
  <testcase name="testGetAllModules" time="0.001" classname="com.revature.servicestests.ModuleServiceTest"/>
  <testcase name="testDelete" time="0.000" classname="com.revature.servicestests.ModuleServiceTest"/>
  <testcase name="testGetAverageByModuleIds" time="0.001" classname="com.revature.servicestests.ModuleServiceTest"/>
  <testcase name="testGetAverageByAllModules" time="0.001" classname="com.revature.servicestests.ModuleServiceTest"/>
  <testcase name="testCreateModule" time="0.001" classname="com.revature.servicestests.ModuleServiceTest"/>
</testsuite> <!-- com.revature.servicestests.ModuleServiceTest -->
