<?xml version="1.0" encoding="UTF-8"?>
<!-- Generated by org.testng.reporters.JUnitReportReporter -->
<testsuite skipped="0" hostname="DESKTOP-EKUOLJ2" name="com.revature.controllertests.ContentControllerTest" tests="5" failures="0" timestamp="17 Sep 2019 13:42:03 GMT" time="0.117" errors="0">
  <testcase name="updateContent" time="0.002" classname="com.revature.controllertests.ContentControllerTest"/>
  <testcase name="givenValidDataCreateContent" time="0.018" classname="com.revature.controllertests.ContentControllerTest"/>
  <testcase name="getAllContents" time="0.027" classname="com.revature.controllertests.ContentControllerTest"/>
  <testcase name="deleteContent" time="0.065" classname="com.revature.controllertests.ContentControllerTest"/>
  <testcase name="getContentById" time="0.005" classname="com.revature.controllertests.ContentControllerTest"/>
</testsuite> <!-- com.revature.controllertests.ContentControllerTest -->
